2025-06-13 13:52:37,011 - INFO - ====== WebDriver manager ======
2025-06-13 13:52:37,227 - INFO - Get LATEST chromedriver version for google-chrome
2025-06-13 13:53:52,544 - INFO - Get LATEST chromedriver version for google-chrome
2025-06-13 13:55:07,832 - INFO - Driver [/Users/chemanyu/.wdm/drivers/chromedriver/mac64/137.0.7151.70/chromedriver-mac-arm64/chromedriver] found in cache
2025-06-13 13:55:11,907 - INFO - Login page loaded successfully.
2025-06-13 13:55:16,912 - INFO - Starting iframe detection process...
2025-06-13 13:55:16,914 - INFO - Attempting to locate iframe with css selector: iframe[src*='login']
2025-06-13 13:55:16,931 - INFO - Iframe found with css selector: iframe[src*='login']
2025-06-13 13:55:16,946 - INFO - Iframe is visible
2025-06-13 13:55:17,981 - INFO - Successfully switched to iframe
2025-06-13 13:55:17,989 - INFO - Successfully verified iframe switch - found form elements
2025-06-13 13:55:20,997 - INFO - Starting username input process
2025-06-13 13:55:20,998 - INFO - Attempting to locate username field with css selector: input[type='text']
2025-06-13 13:55:21,848 - INFO - Direct input for username successful
2025-06-13 13:55:23,138 - INFO - Attempting to locate password field with css selector: input[type='password']
2025-06-13 13:55:23,871 - INFO - Direct input for password successful
2025-06-13 13:55:25,338 - INFO - Password entered
2025-06-13 13:55:25,339 - INFO - Attempting to locate login button with css selector: button[type='submit']
2025-06-13 13:55:55,504 - WARNING - Failed to locate/interact with login button using css selector: button[type='submit']. Error: Message: 

2025-06-13 13:55:55,506 - INFO - Attempting to locate login button with xpath: //button[contains(text(), '登录')]
2025-06-13 13:55:55,630 - INFO - Direct click on login button successful
2025-06-13 13:56:05,641 - INFO - Successfully fetched cookies
2025-06-13 13:56:05,641 - INFO - isg=BBERToDtHWsi1nF_3hZtrkEYIBurfoXwUS4KrfOmOljXmjHsO8zowEhoOmx8kh0o; __wpkreporterwid_=25624bcf-82ce-4b87-bcae-d622c11a8ddf; wk_unb=UUpgTs0%2BqS386PihCA%3D%3D; csg=5473301d; cookie2=10cc895ba45a5fec4c494a0d51bbdab6; sg=%E5%8F%B85e; cookie1=U7ZvqNzFjt0WHllf4lbxAgQ5Wl4LJjp%2Fl6HVIQ%2FXkiU%3D; _l_g_=Ug%3D%3D; _nk_=%5Cu5929%5Cu6D25%5Cu6D69%5Cu777F%5Cu4FE1%5Cu606F%5Cu79D1%5Cu6280%5Cu6709%5Cu9650%5Cu516C%5Cu53F8; lid=%E5%A4%A9%E6%B4%A5%E6%B5%A9%E7%9D%BF%E4%BF%A1%E6%81%AF%E7%A7%91%E6%8A%80%E6%9C%89%E9%99%90%E5%85%AC%E5%8F%B8; dnk=%5Cu5929%5Cu6D25%5Cu6D69%5Cu777F%5Cu4FE1%5Cu606F%5Cu79D1%5Cu6280%5Cu6709%5Cu9650%5Cu516C%5Cu53F8; cookie17=UUpgTs0%2BqS386PihCA%3D%3D; unb=2218492598755; sgcookie=E100QwL3bofKVGTdzklcA%2BFehHg7nvobXx1jlw8jOahYLoiCKNP1gfFIRZjpMthkkqkrQJwcYpbtGfOiN0Y2W%2FFLHAaIMWmQeQW7yPg1OTKKHQE%3D; xlly_s=1; tfstk=gC2owKZSxqT_PWQxM-M5_P6srKCxNYMIMypKJv3FgquXpgZppSD3lzcRVuC7i244o4kKe8B3tYwYwp3RPvqUWvbOWOBTVuMoLNQOnVkm4voFp25xaYyRhn7OWOBAankhrNULPnoFiDgq4DuEziXqxqJy4yurgEoifvkU80l2gcowTBoyaiqqlDkE8ylPmxujYN8Vk43rR-7YD3r6w4uun0co7ufMLp2DBb0a4qvF7-moRVrropJnSkQa7kzF-pHa1r2n_qjymIRwEPvI0Me2OBGrcm09djtZeXFDZ7IcmCooamiyHijDOTcrcm0OmiAwAbojq1C..; cancelledSubSites=empty; cna=PqvSIDx4dmACASvziD7PEP2R; tracknick=%5Cu5929%5Cu6D25%5Cu6D69%5Cu777F%5Cu4FE1%5Cu606F%5Cu79D1%5Cu6280%5Cu6709%5Cu9650%5Cu516C%5Cu53F8; __itrace_wid=d7dd8506-b8e3-4393-1594-6959cc524bed; _tb_token_=7b38b4e5e7533; uc1=cookie15=VFC%2FuZ9ayeYq2g%3D%3D&existShop=false&cookie21=UtASsssmfufd&cookie14=UoYagke%2BQnhbew%3D%3D&cookie16=WqG3DMC9UpAPBHGz5QBErFxlCA%3D%3D&pas=0; XSRF-TOKEN=1ec437fc-1eb4-4bb4-821c-93848705f88e; t=09b57080f13c87494af51fbe958d5b3b; wk_cookie2=1ac5f8f883e897e7b0134f22a72bd304; login=true; sn=; lgc=
